::1 - - [14/Mar/2020:17:23:57 +0000] "GET /admin/orders HTTP/1.1" 304 - "http://localhost:3000/admin/user" "Mozilla/5.0 (Windows NT 10.0; Win64; x64) AppleWebKit/537.36 (KHTML, like Gecko) Chrome/80.0.3987.132 Safari/537.36"
::1 - - [14/Mar/2020:17:23:57 +0000] "GET /css/site.css HTTP/1.1" 304 - "http://localhost:3000/admin/orders" "Mozilla/5.0 (Windows NT 10.0; Win64; x64) AppleWebKit/537.36 (KHTML, like Gecko) Chrome/80.0.3987.132 Safari/537.36"
::1 - - [14/Mar/2020:17:23:59 +0000] "GET /admin/item HTTP/1.1" 304 - "http://localhost:3000/admin/orders" "Mozilla/5.0 (Windows NT 10.0; Win64; x64) AppleWebKit/537.36 (KHTML, like Gecko) Chrome/80.0.3987.132 Safari/537.36"
::1 - - [14/Mar/2020:17:23:59 +0000] "GET /favicon.ico HTTP/1.1" - - "http://localhost:3000/admin/orders" "Mozilla/5.0 (Windows NT 10.0; Win64; x64) AppleWebKit/537.36 (KHTML, like Gecko) Chrome/80.0.3987.132 Safari/537.36"
::1 - - [14/Mar/2020:17:23:59 +0000] "GET /css/site.css HTTP/1.1" 304 - "http://localhost:3000/admin/item" "Mozilla/5.0 (Windows NT 10.0; Win64; x64) AppleWebKit/537.36 (KHTML, like Gecko) Chrome/80.0.3987.132 Safari/537.36"
::1 - - [14/Mar/2020:17:24:00 +0000] "GET /admin/user HTTP/1.1" 304 - "http://localhost:3000/admin/item" "Mozilla/5.0 (Windows NT 10.0; Win64; x64) AppleWebKit/537.36 (KHTML, like Gecko) Chrome/80.0.3987.132 Safari/537.36"
::1 - - [14/Mar/2020:17:24:00 +0000] "GET /favicon.ico HTTP/1.1" - - "http://localhost:3000/admin/item" "Mozilla/5.0 (Windows NT 10.0; Win64; x64) AppleWebKit/537.36 (KHTML, like Gecko) Chrome/80.0.3987.132 Safari/537.36"
::1 - - [14/Mar/2020:17:24:00 +0000] "GET /css/site.css HTTP/1.1" 304 - "http://localhost:3000/admin/user" "Mozilla/5.0 (Windows NT 10.0; Win64; x64) AppleWebKit/537.36 (KHTML, like Gecko) Chrome/80.0.3987.132 Safari/537.36"
::1 - - [14/Mar/2020:17:26:00 +0000] "GET /favicon.ico HTTP/1.1" - - "http://localhost:3000/admin/user" "Mozilla/5.0 (Windows NT 10.0; Win64; x64) AppleWebKit/537.36 (KHTML, like Gecko) Chrome/80.0.3987.132 Safari/537.36"
::1 - - [14/Mar/2020:17:28:00 +0000] "GET /favicon.ico HTTP/1.1" - - "http://localhost:3000/admin/user" "Mozilla/5.0 (Windows NT 10.0; Win64; x64) AppleWebKit/537.36 (KHTML, like Gecko) Chrome/80.0.3987.132 Safari/537.36"
::1 - - [15/Mar/2020:04:43:53 +0000] "GET / HTTP/1.1" 200 2235 "-" "Mozilla/5.0 (Windows NT 10.0; Win64; x64) AppleWebKit/537.36 (KHTML, like Gecko) Chrome/80.0.3987.132 Safari/537.36"
::1 - - [15/Mar/2020:04:43:53 +0000] "GET /css/site.css HTTP/1.1" 304 - "http://localhost:3000/" "Mozilla/5.0 (Windows NT 10.0; Win64; x64) AppleWebKit/537.36 (KHTML, like Gecko) Chrome/80.0.3987.132 Safari/537.36"
::1 - - [15/Mar/2020:04:43:58 +0000] "GET /admin/user HTTP/1.1" 200 2943 "http://localhost:3000/" "Mozilla/5.0 (Windows NT 10.0; Win64; x64) AppleWebKit/537.36 (KHTML, like Gecko) Chrome/80.0.3987.132 Safari/537.36"
::1 - - [15/Mar/2020:04:43:58 +0000] "GET /favicon.ico HTTP/1.1" - - "http://localhost:3000/" "Mozilla/5.0 (Windows NT 10.0; Win64; x64) AppleWebKit/537.36 (KHTML, like Gecko) Chrome/80.0.3987.132 Safari/537.36"
::1 - - [15/Mar/2020:04:43:58 +0000] "GET /css/site.css HTTP/1.1" 304 - "http://localhost:3000/admin/user" "Mozilla/5.0 (Windows NT 10.0; Win64; x64) AppleWebKit/537.36 (KHTML, like Gecko) Chrome/80.0.3987.132 Safari/537.36"
::1 - - [15/Mar/2020:04:44:03 +0000] "GET /admin/orders HTTP/1.1" 200 2161 "http://localhost:3000/admin/user" "Mozilla/5.0 (Windows NT 10.0; Win64; x64) AppleWebKit/537.36 (KHTML, like Gecko) Chrome/80.0.3987.132 Safari/537.36"
::1 - - [15/Mar/2020:04:44:03 +0000] "GET /favicon.ico HTTP/1.1" - - "http://localhost:3000/admin/user" "Mozilla/5.0 (Windows NT 10.0; Win64; x64) AppleWebKit/537.36 (KHTML, like Gecko) Chrome/80.0.3987.132 Safari/537.36"
::1 - - [15/Mar/2020:04:44:03 +0000] "GET /css/site.css HTTP/1.1" 304 - "http://localhost:3000/admin/orders" "Mozilla/5.0 (Windows NT 10.0; Win64; x64) AppleWebKit/537.36 (KHTML, like Gecko) Chrome/80.0.3987.132 Safari/537.36"
::1 - - [15/Mar/2020:04:44:25 +0000] "GET /admin/user HTTP/1.1" 304 - "http://localhost:3000/admin/orders" "Mozilla/5.0 (Windows NT 10.0; Win64; x64) AppleWebKit/537.36 (KHTML, like Gecko) Chrome/80.0.3987.132 Safari/537.36"
::1 - - [15/Mar/2020:04:44:25 +0000] "GET /favicon.ico HTTP/1.1" - - "http://localhost:3000/admin/orders" "Mozilla/5.0 (Windows NT 10.0; Win64; x64) AppleWebKit/537.36 (KHTML, like Gecko) Chrome/80.0.3987.132 Safari/537.36"
::1 - - [15/Mar/2020:04:44:25 +0000] "GET /css/site.css HTTP/1.1" 304 - "http://localhost:3000/admin/user" "Mozilla/5.0 (Windows NT 10.0; Win64; x64) AppleWebKit/537.36 (KHTML, like Gecko) Chrome/80.0.3987.132 Safari/537.36"
